0 info it worked if it ends with ok
1 verbose cli [ '/Users/Madison/.nvm/versions/node/v6.2.2/bin/node',
1 verbose cli   '/Users/Madison/.nvm/versions/node/v6.2.2/bin/npm',
1 verbose cli   'install',
1 verbose cli   'lololodash',
1 verbose cli   '-gpromise-it-wont-hurt',
1 verbose cli   'run',
1 verbose cli   'piwh_problem1.js' ]
2 info using npm@3.9.5
3 info using node@v6.2.2
4 silly loadCurrentTree Starting
5 silly install loadCurrentTree
6 silly install readLocalPackageData
7 silly fetchPackageMetaData lololodash
8 silly fetchPackageMetaData run
9 silly fetchPackageMetaData piwh_problem1.js
10 silly fetchNamedPackageData lololodash
11 silly mapToRegistry name lololodash
12 silly mapToRegistry using default registry
13 silly mapToRegistry registry https://registry.npmjs.org/
14 silly mapToRegistry data Result {
14 silly mapToRegistry   raw: 'lololodash',
14 silly mapToRegistry   scope: null,
14 silly mapToRegistry   name: 'lololodash',
14 silly mapToRegistry   rawSpec: '',
14 silly mapToRegistry   spec: 'latest',
14 silly mapToRegistry   type: 'tag' }
15 silly mapToRegistry uri https://registry.npmjs.org/lololodash
16 silly fetchNamedPackageData run
17 silly mapToRegistry name run
18 silly mapToRegistry using default registry
19 silly mapToRegistry registry https://registry.npmjs.org/
20 silly mapToRegistry data Result {
20 silly mapToRegistry   raw: 'run',
20 silly mapToRegistry   scope: null,
20 silly mapToRegistry   name: 'run',
20 silly mapToRegistry   rawSpec: '',
20 silly mapToRegistry   spec: 'latest',
20 silly mapToRegistry   type: 'tag' }
21 silly mapToRegistry uri https://registry.npmjs.org/run
22 silly fetchNamedPackageData piwh_problem1.js
23 silly mapToRegistry name piwh_problem1.js
24 silly mapToRegistry using default registry
25 silly mapToRegistry registry https://registry.npmjs.org/
26 silly mapToRegistry data Result {
26 silly mapToRegistry   raw: 'piwh_problem1.js',
26 silly mapToRegistry   scope: null,
26 silly mapToRegistry   name: 'piwh_problem1.js',
26 silly mapToRegistry   rawSpec: '',
26 silly mapToRegistry   spec: 'latest',
26 silly mapToRegistry   type: 'tag' }
27 silly mapToRegistry uri https://registry.npmjs.org/piwh_problem1.js
28 verbose request uri https://registry.npmjs.org/run
29 verbose request no auth needed
30 info attempt registry request try #1 at 9:02:38 PM
31 verbose request id bf756156a4c86e1d
32 http request GET https://registry.npmjs.org/run
33 verbose request uri https://registry.npmjs.org/piwh_problem1.js
34 verbose request no auth needed
35 info attempt registry request try #1 at 9:02:38 PM
36 http request GET https://registry.npmjs.org/piwh_problem1.js
37 verbose request uri https://registry.npmjs.org/lololodash
38 verbose request no auth needed
39 info attempt registry request try #1 at 9:02:38 PM
40 verbose etag "3D6EE3WVPDS46VSO2W67LG3YQ"
41 http request GET https://registry.npmjs.org/lololodash
42 http 304 https://registry.npmjs.org/lololodash
43 verbose headers { date: 'Sun, 02 Oct 2016 03:02:38 GMT',
43 verbose headers   via: '1.1 varnish',
43 verbose headers   'cache-control': 'max-age=300',
43 verbose headers   etag: '"3D6EE3WVPDS46VSO2W67LG3YQ"',
43 verbose headers   age: '0',
43 verbose headers   connection: 'keep-alive',
43 verbose headers   'x-served-by': 'cache-den6027-DEN',
43 verbose headers   'x-cache': 'HIT',
43 verbose headers   'x-cache-hits': '1',
43 verbose headers   'x-timer': 'S1475377358.645115,VS0,VE240',
43 verbose headers   vary: 'Accept-Encoding' }
44 silly get cb [ 304,
44 silly get   { date: 'Sun, 02 Oct 2016 03:02:38 GMT',
44 silly get     via: '1.1 varnish',
44 silly get     'cache-control': 'max-age=300',
44 silly get     etag: '"3D6EE3WVPDS46VSO2W67LG3YQ"',
44 silly get     age: '0',
44 silly get     connection: 'keep-alive',
44 silly get     'x-served-by': 'cache-den6027-DEN',
44 silly get     'x-cache': 'HIT',
44 silly get     'x-cache-hits': '1',
44 silly get     'x-timer': 'S1475377358.645115,VS0,VE240',
44 silly get     vary: 'Accept-Encoding' } ]
45 verbose etag https://registry.npmjs.org/lololodash from cache
46 verbose get saving lololodash to /Users/Madison/.npm/registry.npmjs.org/lololodash/.cache.json
47 verbose correctMkdir /Users/Madison/.npm correctMkdir not in flight; initializing
48 http 404 https://registry.npmjs.org/piwh_problem1.js
49 verbose headers { 'content-type': 'application/json',
49 verbose headers   'cache-control': 'max-age=0',
49 verbose headers   'content-length': '2',
49 verbose headers   'accept-ranges': 'bytes',
49 verbose headers   date: 'Sun, 02 Oct 2016 03:02:38 GMT',
49 verbose headers   via: '1.1 varnish',
49 verbose headers   age: '0',
49 verbose headers   connection: 'keep-alive',
49 verbose headers   'x-served-by': 'cache-den6024-DEN',
49 verbose headers   'x-cache': 'MISS',
49 verbose headers   'x-cache-hits': '0',
49 verbose headers   'x-timer': 'S1475377358.649700,VS0,VE266',
49 verbose headers   vary: 'Accept-Encoding' }
50 silly get cb [ 404,
50 silly get   { 'content-type': 'application/json',
50 silly get     'cache-control': 'max-age=0',
50 silly get     'content-length': '2',
50 silly get     'accept-ranges': 'bytes',
50 silly get     date: 'Sun, 02 Oct 2016 03:02:38 GMT',
50 silly get     via: '1.1 varnish',
50 silly get     age: '0',
50 silly get     connection: 'keep-alive',
50 silly get     'x-served-by': 'cache-den6024-DEN',
50 silly get     'x-cache': 'MISS',
50 silly get     'x-cache-hits': '0',
50 silly get     'x-timer': 'S1475377358.649700,VS0,VE266',
50 silly get     vary: 'Accept-Encoding' } ]
51 silly fetchPackageMetaData Error: Registry returned 404 for GET on https://registry.npmjs.org/piwh_problem1.js
51 silly fetchPackageMetaData     at makeError (/Users/Madison/.nvm/versions/node/v6.2.2/lib/node_modules/npm/node_modules/npm-registry-client/lib/request.js:264:12)
51 silly fetchPackageMetaData     at CachingRegistryClient.<anonymous> (/Users/Madison/.nvm/versions/node/v6.2.2/lib/node_modules/npm/node_modules/npm-registry-client/lib/request.js:242:14)
51 silly fetchPackageMetaData     at Request._callback (/Users/Madison/.nvm/versions/node/v6.2.2/lib/node_modules/npm/node_modules/npm-registry-client/lib/request.js:172:14)
51 silly fetchPackageMetaData     at Request.self.callback (/Users/Madison/.nvm/versions/node/v6.2.2/lib/node_modules/npm/node_modules/request/request.js:200:22)
51 silly fetchPackageMetaData     at emitTwo (events.js:106:13)
51 silly fetchPackageMetaData     at Request.emit (events.js:191:7)
51 silly fetchPackageMetaData     at Request.<anonymous> (/Users/Madison/.nvm/versions/node/v6.2.2/lib/node_modules/npm/node_modules/request/request.js:1067:10)
51 silly fetchPackageMetaData     at emitOne (events.js:101:20)
51 silly fetchPackageMetaData     at Request.emit (events.js:188:7)
51 silly fetchPackageMetaData     at IncomingMessage.<anonymous> (/Users/Madison/.nvm/versions/node/v6.2.2/lib/node_modules/npm/node_modules/request/request.js:988:12)
51 silly fetchPackageMetaData  error for piwh_problem1.js { Error: Registry returned 404 for GET on https://registry.npmjs.org/piwh_problem1.js
51 silly fetchPackageMetaData     at makeError (/Users/Madison/.nvm/versions/node/v6.2.2/lib/node_modules/npm/node_modules/npm-registry-client/lib/request.js:264:12)
51 silly fetchPackageMetaData     at CachingRegistryClient.<anonymous> (/Users/Madison/.nvm/versions/node/v6.2.2/lib/node_modules/npm/node_modules/npm-registry-client/lib/request.js:242:14)
51 silly fetchPackageMetaData     at Request._callback (/Users/Madison/.nvm/versions/node/v6.2.2/lib/node_modules/npm/node_modules/npm-registry-client/lib/request.js:172:14)
51 silly fetchPackageMetaData     at Request.self.callback (/Users/Madison/.nvm/versions/node/v6.2.2/lib/node_modules/npm/node_modules/request/request.js:200:22)
51 silly fetchPackageMetaData     at emitTwo (events.js:106:13)
51 silly fetchPackageMetaData     at Request.emit (events.js:191:7)
51 silly fetchPackageMetaData     at Request.<anonymous> (/Users/Madison/.nvm/versions/node/v6.2.2/lib/node_modules/npm/node_modules/request/request.js:1067:10)
51 silly fetchPackageMetaData     at emitOne (events.js:101:20)
51 silly fetchPackageMetaData     at Request.emit (events.js:188:7)
51 silly fetchPackageMetaData     at IncomingMessage.<anonymous> (/Users/Madison/.nvm/versions/node/v6.2.2/lib/node_modules/npm/node_modules/request/request.js:988:12) pkgid: 'piwh_problem1.js', statusCode: 404, code: 'E404' }
52 http 200 https://registry.npmjs.org/run
53 verbose headers { server: 'CouchDB/1.6.1 (Erlang OTP/R16B03)',
53 verbose headers   etag: '"ETYRHZ2J7M8DWR1NEAP24K7P7"',
53 verbose headers   'content-type': 'application/json',
53 verbose headers   'content-encoding': 'gzip',
53 verbose headers   'cache-control': 'max-age=300',
53 verbose headers   'content-length': '2822',
53 verbose headers   'accept-ranges': 'bytes',
53 verbose headers   date: 'Sun, 02 Oct 2016 03:02:38 GMT',
53 verbose headers   via: '1.1 varnish',
53 verbose headers   age: '0',
53 verbose headers   connection: 'keep-alive',
53 verbose headers   'x-served-by': 'cache-den6022-DEN',
53 verbose headers   'x-cache': 'MISS',
53 verbose headers   'x-cache-hits': '0',
53 verbose headers   'x-timer': 'S1475377358.644228,VS0,VE282',
53 verbose headers   vary: 'Accept-Encoding' }
54 silly get cb [ 200,
54 silly get   { server: 'CouchDB/1.6.1 (Erlang OTP/R16B03)',
54 silly get     etag: '"ETYRHZ2J7M8DWR1NEAP24K7P7"',
54 silly get     'content-type': 'application/json',
54 silly get     'content-encoding': 'gzip',
54 silly get     'cache-control': 'max-age=300',
54 silly get     'content-length': '2822',
54 silly get     'accept-ranges': 'bytes',
54 silly get     date: 'Sun, 02 Oct 2016 03:02:38 GMT',
54 silly get     via: '1.1 varnish',
54 silly get     age: '0',
54 silly get     connection: 'keep-alive',
54 silly get     'x-served-by': 'cache-den6022-DEN',
54 silly get     'x-cache': 'MISS',
54 silly get     'x-cache-hits': '0',
54 silly get     'x-timer': 'S1475377358.644228,VS0,VE282',
54 silly get     vary: 'Accept-Encoding' } ]
55 verbose get saving run to /Users/Madison/.npm/registry.npmjs.org/run/.cache.json
56 verbose correctMkdir /Users/Madison/.npm correctMkdir not in flight; initializing
57 silly rollbackFailedOptional Starting
58 silly rollbackFailedOptional Finishing
59 silly runTopLevelLifecycles Starting
60 silly runTopLevelLifecycles Finishing
61 silly install printInstalled
62 verbose stack Error: Registry returned 404 for GET on https://registry.npmjs.org/piwh_problem1.js
62 verbose stack     at makeError (/Users/Madison/.nvm/versions/node/v6.2.2/lib/node_modules/npm/node_modules/npm-registry-client/lib/request.js:264:12)
62 verbose stack     at CachingRegistryClient.<anonymous> (/Users/Madison/.nvm/versions/node/v6.2.2/lib/node_modules/npm/node_modules/npm-registry-client/lib/request.js:242:14)
62 verbose stack     at Request._callback (/Users/Madison/.nvm/versions/node/v6.2.2/lib/node_modules/npm/node_modules/npm-registry-client/lib/request.js:172:14)
62 verbose stack     at Request.self.callback (/Users/Madison/.nvm/versions/node/v6.2.2/lib/node_modules/npm/node_modules/request/request.js:200:22)
62 verbose stack     at emitTwo (events.js:106:13)
62 verbose stack     at Request.emit (events.js:191:7)
62 verbose stack     at Request.<anonymous> (/Users/Madison/.nvm/versions/node/v6.2.2/lib/node_modules/npm/node_modules/request/request.js:1067:10)
62 verbose stack     at emitOne (events.js:101:20)
62 verbose stack     at Request.emit (events.js:188:7)
62 verbose stack     at IncomingMessage.<anonymous> (/Users/Madison/.nvm/versions/node/v6.2.2/lib/node_modules/npm/node_modules/request/request.js:988:12)
63 verbose statusCode 404
64 verbose pkgid piwh_problem1.js
65 verbose cwd /Users/Madison/Documents/Turing/mod-3/mod-3-preWork/lololodash
66 error Darwin 15.5.0
67 error argv "/Users/Madison/.nvm/versions/node/v6.2.2/bin/node" "/Users/Madison/.nvm/versions/node/v6.2.2/bin/npm" "install" "lololodash" "-gpromise-it-wont-hurt" "run" "piwh_problem1.js"
68 error node v6.2.2
69 error npm  v3.9.5
70 error code E404
71 error 404 Registry returned 404 for GET on https://registry.npmjs.org/piwh_problem1.js
72 error 404
73 error 404 'piwh_problem1.js' is not in the npm registry.
74 error 404 You should bug the author to publish it (or use the name yourself!)
75 error 404 Note that you can also install from a
76 error 404 tarball, folder, http url, or git url.
77 verbose exit [ 1, true ]
